<?xml version="1.0" encoding="UTF-8"?>
<beans xmlns="http://www.springframework.org/schema/beans"
       xmlns:xsi="http://www.w3.org/2001/XMLSchema-instance"
       xmlns:context="http://www.springframework.org/schema/context"
       xmlns:tx="http://www.springframework.org/schema/tx"
       xmlns:aop="http://www.springframework.org/schema/aop"
       xsi:schemaLocation="http://www.springframework.org/schema/beans
                           http://www.springframework.org/schema/beans/spring-beans.xsd
                           http://www.springframework.org/schema/mvc
                           http://www.springframework.org/schema/mvc/spring-mvc.xsd
                           http://www.springframework.org/schema/tx 
                           http://www.springframework.org/schema/tx/spring-tx-3.0.xsd
                           http://www.springframework.org/schema/context
                           http://www.springframework.org/schema/context/spring-context.xsd
       http://www.springframework.org/schema/aop http://www.springframework.org/schema/aop/spring-aop-3.2.xsd"> 

    <!-- Bean definitions go here -->
    <tx:annotation-driven/>

    <context:component-scan base-package="com.sg.supervillain.dao" />
<!--    <bean id="dataSource"
          class="org.apache.commons.dbcp2.BasicDataSource">
        <property name="driverClassName" value="com.mysql.jdbc.Driver"/>
        <property name="url"
                  value="jdbc:mysql://localhost:3306/supervillains_test"/>
        <property name="username" value="root"/>
        <property name="password" value="root"/>
        <property name="initialSize" value="5"/>
        <property name="maxTotal" value="200"/>
    </bean>-->
    
    
        <bean id="dataSource" class="org.apache.commons.dbcp2.BasicDataSource" destroy-method="close">
        <property name="driverClassName" value="com.mysql.jdbc.Driver"/>
        <property name="url" value="jdbc:mysql://localhost:3306/supervillains_test"/>
        <property name="username" value="root"/>
        <property name="password" value="root"/>
        <property name="minIdle" value="0"/>
<!--        <property name="maxIdle" value="10"/>
        <property name="maxActive" value="50"/>
        <property name="maxWait" value="60000"/>-->
        <property name="testOnBorrow" value="true"/>
        <property name="validationQuery" value="SELECT 1"/>               
        <property name="timeBetweenEvictionRunsMillis" value="1800000"/>
        <property name="numTestsPerEvictionRun" value="50"/>
        <property name="minEvictableIdleTimeMillis" value="10"/>
        <property name="testWhileIdle" value="true"/>
    </bean>    
    
    
    
    

    <bean id="transactionManager"
          class="org.springframework.jdbc.datasource.DataSourceTransactionManager">
        <property name="dataSource" ref="dataSource"/>
    </bean>

    <bean id="jdbcTemplate"
          class="org.springframework.jdbc.core.JdbcTemplate">
        <property name="dataSource" ref="dataSource"/>
    </bean>

    <bean id="powerDao" 
          class="com.sg.supervillain.dao.PowersDaoDbImpl">
        <property name="jdbcTemplate" ref="jdbcTemplate"/>
    </bean>
    
    <bean id="orgDao" 
          class="com.sg.supervillain.dao.OrgDaoDbImpl">
        <property name="jdbcTemplate" ref="jdbcTemplate"/>
    </bean>
    
    <bean id="locDao" 
          class="com.sg.supervillain.dao.LocationDaoDbImpl">
        <property name="jdbcTemplate" ref="jdbcTemplate"/>
    </bean>
    
    <bean id="superVillainDao" 
          class="com.sg.supervillain.dao.SuperVillainDaoDbImpl">
        <property name="jdbcTemplate" ref="jdbcTemplate"/>
    </bean>
    <bean id="sightDao" 
          class="com.sg.supervillain.dao.SightingsDaoDbImpl">
        <property name="jdbcTemplate" ref="jdbcTemplate"/>
    </bean>
    
    <bean id="villainPowerOrgStub" 
          class="com.sg.supervillain.dao.VillainPowerOrgStubImpl"/> 
          
    <bean id="sightingsLocsStub" class="com.sg.supervillain.dao.SightingsLocsStubImpl"/>
    
    <bean id="vpoServiceTest" 
          class="com.sg.supervillain.service.VillainPowerOrgServiceLayerImpl">      
        <property name="powerDao" ref="villainPowerOrgStub"/> 
        <property name="orgDao" ref="villainPowerOrgStub"/>     
        <property name="superVillainDao" ref="villainPowerOrgStub"/>         
    </bean>    
    
    <bean id="slServiceTest" 
          class="com.sg.supervillain.service.SightingsLocsServiceLayerImpl">     
        <property name="locDao" ref="sightingsLocsStub"/>     
        <property name="sightDao" ref ="sightingsLocsStub"/>
        <property name="superVillainDao" ref="villainPowerOrgStub"/> 
    </bean>
<!--    
    <bean id="vpoServiceTest" 
          class="com.sg.supervillain.service.VillainPowerOrgServiceLayerImpl">      
        <property name="powerDao" ref="powerDao"/> 
        <property name="orgDao" ref="orgDao"/>     
        <property name="superVillainDao" ref="superVillainDao"/>         
    </bean>    
    
    <bean id="slServiceTest" 
          class="com.sg.supervillain.service.SightingsLocsServiceLayerImpl">     
        <property name="locDao" ref="locDao"/>     
        <property name="sightDao" ref ="sightDao"/>
        <property name="superVillainDao" ref="superVillainDao"/> 
    </bean>-->
    
</beans>
